{"/home/azureuser/mflix-master/src/dao/commentsDAO.js": {"path":"/home/azureuser/mflix-master/src/dao/commentsDAO.js","statementMap":{"0":{"start":{"line":7,"column":4},"end":{"line":9,"column":5}},"1":{"start":{"line":8,"column":6},"end":{"line":8,"column":12}},"2":{"start":{"line":10,"column":4},"end":{"line":14,"column":5}},"3":{"start":{"line":11,"column":6},"end":{"line":11,"column":75}},"4":{"start":{"line":13,"column":6},"end":{"line":13,"column":78}},"5":{"start":{"line":45,"column":4},"end":{"line":60,"column":5}},"6":{"start":{"line":48,"column":25},"end":{"line":54,"column":7}},"7":{"start":{"line":56,"column":6},"end":{"line":56,"column":49}},"8":{"start":{"line":58,"column":6},"end":{"line":58,"column":51}},"9":{"start":{"line":59,"column":6},"end":{"line":59,"column":25}},"10":{"start":{"line":74,"column":4},"end":{"line":87,"column":5}},"11":{"start":{"line":78,"column":29},"end":{"line":81,"column":7}},"12":{"start":{"line":83,"column":6},"end":{"line":83,"column":27}},"13":{"start":{"line":85,"column":6},"end":{"line":85,"column":53}},"14":{"start":{"line":86,"column":6},"end":{"line":86,"column":25}},"15":{"start":{"line":100,"column":4},"end":{"line":112,"column":5}},"16":{"start":{"line":103,"column":29},"end":{"line":106,"column":8}},"17":{"start":{"line":108,"column":6},"end":{"line":108,"column":27}},"18":{"start":{"line":110,"column":6},"end":{"line":110,"column":53}},"19":{"start":{"line":111,"column":6},"end":{"line":111,"column":25}},"20":{"start":{"line":123,"column":4},"end":{"line":144,"column":5}},"21":{"start":{"line":126,"column":23},"end":{"line":130,"column":7}},"22":{"start":{"line":134,"column":26},"end":{"line":134,"column":46}},"23":{"start":{"line":136,"column":30},"end":{"line":138,"column":8}},"24":{"start":{"line":140,"column":6},"end":{"line":140,"column":44}},"25":{"start":{"line":142,"column":6},"end":{"line":142,"column":70}},"26":{"start":{"line":143,"column":6},"end":{"line":143,"column":25}}},"fnMap":{"0":{"name":"(anonymous_0)","decl":{"start":{"line":6,"column":2},"end":{"line":6,"column":3}},"loc":{"start":{"line":6,"column":30},"end":{"line":15,"column":3}},"line":6},"1":{"name":"(anonymous_1)","decl":{"start":{"line":44,"column":2},"end":{"line":44,"column":3}},"loc":{"start":{"line":44,"column":56},"end":{"line":61,"column":3}},"line":44},"2":{"name":"(anonymous_2)","decl":{"start":{"line":73,"column":2},"end":{"line":73,"column":3}},"loc":{"start":{"line":73,"column":63},"end":{"line":88,"column":3}},"line":73},"3":{"name":"(anonymous_3)","decl":{"start":{"line":90,"column":2},"end":{"line":90,"column":3}},"loc":{"start":{"line":90,"column":51},"end":{"line":113,"column":3}},"line":90},"4":{"name":"(anonymous_4)","decl":{"start":{"line":115,"column":2},"end":{"line":115,"column":3}},"loc":{"start":{"line":115,"column":38},"end":{"line":145,"column":3}},"line":115}},"branchMap":{"0":{"loc":{"start":{"line":7,"column":4},"end":{"line":9,"column":5}},"type":"if","locations":[{"start":{"line":7,"column":4},"end":{"line":9,"column":5}},{"start":{"line":7,"column":4},"end":{"line":9,"column":5}}],"line":7}},"s":{"0":3,"1":0,"2":3,"3":3,"4":0,"5":2,"6":2,"7":2,"8":0,"9":0,"10":2,"11":2,"12":2,"13":0,"14":0,"15":2,"16":2,"17":2,"18":0,"19":0,"20":2,"21":2,"22":2,"23":2,"24":2,"25":0,"26":0},"f":{"0":3,"1":2,"2":2,"3":2,"4":2},"b":{"0":[0,3]},"_coverageSchema":"332fd63041d2c1bcb487cc26dd0d5f7d97098a6c","hash":"d7f64d854ae562800d1697e7552ea3d2324399d7"}
,"/home/azureuser/mflix-master/src/dao/moviesDAO.js": {"path":"/home/azureuser/mflix-master/src/dao/moviesDAO.js","statementMap":{"0":{"start":{"line":5,"column":21},"end":{"line":5,"column":57}},"1":{"start":{"line":9,"column":4},"end":{"line":11,"column":5}},"2":{"start":{"line":10,"column":6},"end":{"line":10,"column":12}},"3":{"start":{"line":12,"column":4},"end":{"line":20,"column":5}},"4":{"start":{"line":13,"column":6},"end":{"line":13,"column":49}},"5":{"start":{"line":14,"column":6},"end":{"line":14,"column":71}},"6":{"start":{"line":15,"column":6},"end":{"line":15,"column":26}},"7":{"start":{"line":17,"column":6},"end":{"line":19,"column":7}},"8":{"start":{"line":29,"column":21},"end":{"line":29,"column":65}},"9":{"start":{"line":30,"column":21},"end":{"line":30,"column":64}},"10":{"start":{"line":31,"column":35},"end":{"line":31,"column":69}},"11":{"start":{"line":32,"column":19},"end":{"line":36,"column":5}},"12":{"start":{"line":37,"column":4},"end":{"line":37,"column":19}},"13":{"start":{"line":58,"column":4},"end":{"line":75,"column":5}},"14":{"start":{"line":64,"column":6},"end":{"line":71,"column":7}},"15":{"start":{"line":73,"column":6},"end":{"line":73,"column":57}},"16":{"start":{"line":74,"column":6},"end":{"line":74,"column":15}},"17":{"start":{"line":77,"column":4},"end":{"line":77,"column":27}},"18":{"start":{"line":86,"column":18},"end":{"line":86,"column":46}},"19":{"start":{"line":87,"column":23},"end":{"line":87,"column":45}},"20":{"start":{"line":88,"column":17},"end":{"line":88,"column":40}},"21":{"start":{"line":89,"column":20},"end":{"line":89,"column":41}},"22":{"start":{"line":91,"column":4},"end":{"line":91,"column":35}},"23":{"start":{"line":100,"column":23},"end":{"line":100,"column":63}},"24":{"start":{"line":102,"column":18},"end":{"line":102,"column":47}},"25":{"start":{"line":103,"column":20},"end":{"line":103,"column":22}},"26":{"start":{"line":104,"column":17},"end":{"line":104,"column":29}},"27":{"start":{"line":106,"column":4},"end":{"line":106,"column":35}},"28":{"start":{"line":122,"column":24},"end":{"line":122,"column":67}},"29":{"start":{"line":126,"column":18},"end":{"line":126,"column":50}},"30":{"start":{"line":127,"column":20},"end":{"line":127,"column":22}},"31":{"start":{"line":128,"column":17},"end":{"line":128,"column":29}},"32":{"start":{"line":130,"column":4},"end":{"line":130,"column":35}},"33":{"start":{"line":146,"column":4},"end":{"line":148,"column":5}},"34":{"start":{"line":147,"column":6},"end":{"line":147,"column":64}},"35":{"start":{"line":149,"column":23},"end":{"line":149,"column":42}},"36":{"start":{"line":150,"column":22},"end":{"line":150,"column":65}},"37":{"start":{"line":151,"column":29},"end":{"line":151,"column":73}},"38":{"start":{"line":152,"column":22},"end":{"line":152,"column":53}},"39":{"start":{"line":153,"column":23},"end":{"line":153,"column":48}},"40":{"start":{"line":154,"column":23},"end":{"line":188,"column":5}},"41":{"start":{"line":201,"column":26},"end":{"line":207,"column":5}},"42":{"start":{"line":209,"column":4},"end":{"line":218,"column":5}},"43":{"start":{"line":210,"column":22},"end":{"line":210,"column":74}},"44":{"start":{"line":211,"column":20},"end":{"line":211,"column":75}},"45":{"start":{"line":212,"column":6},"end":{"line":215,"column":7}},"46":{"start":{"line":217,"column":6},"end":{"line":217,"column":74}},"47":{"start":{"line":236,"column":22},"end":{"line":236,"column":24}},"48":{"start":{"line":237,"column":4},"end":{"line":245,"column":5}},"49":{"start":{"line":238,"column":6},"end":{"line":244,"column":7}},"50":{"start":{"line":239,"column":8},"end":{"line":239,"column":59}},"51":{"start":{"line":240,"column":13},"end":{"line":244,"column":7}},"52":{"start":{"line":241,"column":8},"end":{"line":241,"column":59}},"53":{"start":{"line":242,"column":13},"end":{"line":244,"column":7}},"54":{"start":{"line":243,"column":8},"end":{"line":243,"column":61}},"55":{"start":{"line":247,"column":60},"end":{"line":247,"column":71}},"56":{"start":{"line":249,"column":4},"end":{"line":257,"column":5}},"57":{"start":{"line":250,"column":6},"end":{"line":253,"column":19}},"58":{"start":{"line":255,"column":6},"end":{"line":255,"column":57}},"59":{"start":{"line":256,"column":6},"end":{"line":256,"column":50}},"60":{"start":{"line":270,"column":26},"end":{"line":270,"column":80}},"61":{"start":{"line":272,"column":4},"end":{"line":282,"column":5}},"62":{"start":{"line":273,"column":25},"end":{"line":273,"column":54}},"63":{"start":{"line":274,"column":29},"end":{"line":274,"column":80}},"64":{"start":{"line":276,"column":6},"end":{"line":276,"column":43}},"65":{"start":{"line":278,"column":6},"end":{"line":280,"column":7}},"66":{"start":{"line":281,"column":6},"end":{"line":281,"column":50}},"67":{"start":{"line":291,"column":4},"end":{"line":350,"column":5}},"68":{"start":{"line":304,"column":23},"end":{"line":329,"column":7}},"69":{"start":{"line":330,"column":6},"end":{"line":330,"column":52}},"70":{"start":{"line":339,"column":6},"end":{"line":347,"column":7}},"71":{"start":{"line":346,"column":8},"end":{"line":346,"column":19}},"72":{"start":{"line":348,"column":6},"end":{"line":348,"column":65}},"73":{"start":{"line":349,"column":6},"end":{"line":349,"column":13}}},"fnMap":{"0":{"name":"(anonymous_0)","decl":{"start":{"line":8,"column":2},"end":{"line":8,"column":3}},"loc":{"start":{"line":8,"column":30},"end":{"line":21,"column":3}},"line":8},"1":{"name":"(anonymous_1)","decl":{"start":{"line":28,"column":2},"end":{"line":28,"column":3}},"loc":{"start":{"line":28,"column":34},"end":{"line":38,"column":3}},"line":28},"2":{"name":"(anonymous_2)","decl":{"start":{"line":46,"column":2},"end":{"line":46,"column":3}},"loc":{"start":{"line":46,"column":45},"end":{"line":78,"column":3}},"line":46},"3":{"name":"(anonymous_3)","decl":{"start":{"line":85,"column":2},"end":{"line":85,"column":3}},"loc":{"start":{"line":85,"column":31},"end":{"line":92,"column":3}},"line":85},"4":{"name":"(anonymous_4)","decl":{"start":{"line":99,"column":2},"end":{"line":99,"column":3}},"loc":{"start":{"line":99,"column":31},"end":{"line":107,"column":3}},"line":99},"5":{"name":"(anonymous_5)","decl":{"start":{"line":114,"column":2},"end":{"line":114,"column":3}},"loc":{"start":{"line":114,"column":33},"end":{"line":131,"column":3}},"line":114},"6":{"name":"(anonymous_6)","decl":{"start":{"line":141,"column":2},"end":{"line":141,"column":3}},"loc":{"start":{"line":145,"column":10},"end":{"line":219,"column":3}},"line":145},"7":{"name":"(anonymous_7)","decl":{"start":{"line":230,"column":2},"end":{"line":230,"column":3}},"loc":{"start":{"line":235,"column":10},"end":{"line":283,"column":3}},"line":235},"8":{"name":"(anonymous_8)","decl":{"start":{"line":290,"column":2},"end":{"line":290,"column":3}},"loc":{"start":{"line":290,"column":32},"end":{"line":351,"column":3}},"line":290}},"branchMap":{"0":{"loc":{"start":{"line":9,"column":4},"end":{"line":11,"column":5}},"type":"if","locations":[{"start":{"line":9,"column":4},"end":{"line":11,"column":5}},{"start":{"line":9,"column":4},"end":{"line":11,"column":5}}],"line":9},"1":{"loc":{"start":{"line":100,"column":23},"end":{"line":100,"column":63}},"type":"cond-expr","locations":[{"start":{"line":100,"column":45},"end":{"line":100,"column":49}},{"start":{"line":100,"column":52},"end":{"line":100,"column":63}}],"line":100},"2":{"loc":{"start":{"line":122,"column":24},"end":{"line":122,"column":67}},"type":"cond-expr","locations":[{"start":{"line":122,"column":47},"end":{"line":122,"column":52}},{"start":{"line":122,"column":55},"end":{"line":122,"column":67}}],"line":122},"3":{"loc":{"start":{"line":141,"column":29},"end":{"line":145,"column":8}},"type":"default-arg","locations":[{"start":{"line":145,"column":6},"end":{"line":145,"column":8}}],"line":141},"4":{"loc":{"start":{"line":142,"column":4},"end":{"line":142,"column":18}},"type":"default-arg","locations":[{"start":{"line":142,"column":14},"end":{"line":142,"column":18}}],"line":142},"5":{"loc":{"start":{"line":143,"column":4},"end":{"line":143,"column":12}},"type":"default-arg","locations":[{"start":{"line":143,"column":11},"end":{"line":143,"column":12}}],"line":143},"6":{"loc":{"start":{"line":144,"column":4},"end":{"line":144,"column":22}},"type":"default-arg","locations":[{"start":{"line":144,"column":20},"end":{"line":144,"column":22}}],"line":144},"7":{"loc":{"start":{"line":146,"column":4},"end":{"line":148,"column":5}},"type":"if","locations":[{"start":{"line":146,"column":4},"end":{"line":148,"column":5}},{"start":{"line":146,"column":4},"end":{"line":148,"column":5}}],"line":146},"8":{"loc":{"start":{"line":146,"column":8},"end":{"line":146,"column":33}},"type":"binary-expr","locations":[{"start":{"line":146,"column":8},"end":{"line":146,"column":16}},{"start":{"line":146,"column":20},"end":{"line":146,"column":33}}],"line":146},"9":{"loc":{"start":{"line":230,"column":25},"end":{"line":235,"column":8}},"type":"default-arg","locations":[{"start":{"line":235,"column":6},"end":{"line":235,"column":8}}],"line":230},"10":{"loc":{"start":{"line":232,"column":4},"end":{"line":232,"column":18}},"type":"default-arg","locations":[{"start":{"line":232,"column":14},"end":{"line":232,"column":18}}],"line":232},"11":{"loc":{"start":{"line":233,"column":4},"end":{"line":233,"column":12}},"type":"default-arg","locations":[{"start":{"line":233,"column":11},"end":{"line":233,"column":12}}],"line":233},"12":{"loc":{"start":{"line":234,"column":4},"end":{"line":234,"column":22}},"type":"default-arg","locations":[{"start":{"line":234,"column":20},"end":{"line":234,"column":22}}],"line":234},"13":{"loc":{"start":{"line":237,"column":4},"end":{"line":245,"column":5}},"type":"if","locations":[{"start":{"line":237,"column":4},"end":{"line":245,"column":5}},{"start":{"line":237,"column":4},"end":{"line":245,"column":5}}],"line":237},"14":{"loc":{"start":{"line":238,"column":6},"end":{"line":244,"column":7}},"type":"if","locations":[{"start":{"line":238,"column":6},"end":{"line":244,"column":7}},{"start":{"line":238,"column":6},"end":{"line":244,"column":7}}],"line":238},"15":{"loc":{"start":{"line":240,"column":13},"end":{"line":244,"column":7}},"type":"if","locations":[{"start":{"line":240,"column":13},"end":{"line":244,"column":7}},{"start":{"line":240,"column":13},"end":{"line":244,"column":7}}],"line":240},"16":{"loc":{"start":{"line":242,"column":13},"end":{"line":244,"column":7}},"type":"if","locations":[{"start":{"line":242,"column":13},"end":{"line":244,"column":7}},{"start":{"line":242,"column":13},"end":{"line":244,"column":7}}],"line":242},"17":{"loc":{"start":{"line":247,"column":10},"end":{"line":247,"column":20}},"type":"default-arg","locations":[{"start":{"line":247,"column":18},"end":{"line":247,"column":20}}],"line":247},"18":{"loc":{"start":{"line":247,"column":22},"end":{"line":247,"column":34}},"type":"default-arg","locations":[{"start":{"line":247,"column":32},"end":{"line":247,"column":34}}],"line":247},"19":{"loc":{"start":{"line":247,"column":36},"end":{"line":247,"column":55}},"type":"default-arg","locations":[{"start":{"line":247,"column":43},"end":{"line":247,"column":55}}],"line":247},"20":{"loc":{"start":{"line":274,"column":29},"end":{"line":274,"column":80}},"type":"cond-expr","locations":[{"start":{"line":274,"column":42},"end":{"line":274,"column":76}},{"start":{"line":274,"column":79},"end":{"line":274,"column":80}}],"line":274},"21":{"loc":{"start":{"line":339,"column":6},"end":{"line":347,"column":7}},"type":"if","locations":[{"start":{"line":339,"column":6},"end":{"line":347,"column":7}},{"start":{"line":339,"column":6},"end":{"line":347,"column":7}}],"line":339}},"s":{"0":12,"1":12,"2":0,"3":12,"4":12,"5":12,"6":12,"7":0,"8":2,"9":2,"10":2,"11":2,"12":2,"13":2,"14":2,"15":0,"16":0,"17":2,"18":3,"19":3,"20":3,"21":3,"22":3,"23":5,"24":5,"25":5,"26":5,"27":5,"28":4,"29":4,"30":4,"31":4,"32":4,"33":2,"34":0,"35":2,"36":2,"37":2,"38":2,"39":2,"40":2,"41":2,"42":2,"43":2,"44":2,"45":2,"46":0,"47":13,"48":13,"49":12,"50":3,"51":9,"52":5,"53":4,"54":4,"55":13,"56":13,"57":13,"58":0,"59":0,"60":13,"61":13,"62":13,"63":13,"64":13,"65":0,"66":0,"67":15,"68":15,"69":14,"70":1,"71":1,"72":0,"73":0},"f":{"0":12,"1":2,"2":2,"3":3,"4":5,"5":4,"6":2,"7":13,"8":15},"b":{"0":[0,12],"1":[5,0],"2":[4,0],"3":[0],"4":[0],"5":[1],"6":[2],"7":[0,2],"8":[2,2],"9":[1],"10":[1],"11":[10],"12":[12],"13":[12,1],"14":[3,9],"15":[5,4],"16":[4,0],"17":[1],"18":[1],"19":[1],"20":[10,3],"21":[1,0]},"_coverageSchema":"332fd63041d2c1bcb487cc26dd0d5f7d97098a6c","hash":"58a963b69dd486fc9bda99eef444dcb50c35f435"}
,"/home/azureuser/mflix-master/src/dao/usersDAO.js": {"path":"/home/azureuser/mflix-master/src/dao/usersDAO.js","statementMap":{"0":{"start":{"line":6,"column":4},"end":{"line":8,"column":5}},"1":{"start":{"line":7,"column":6},"end":{"line":7,"column":12}},"2":{"start":{"line":9,"column":4},"end":{"line":14,"column":5}},"3":{"start":{"line":10,"column":6},"end":{"line":10,"column":69}},"4":{"start":{"line":11,"column":6},"end":{"line":11,"column":75}},"5":{"start":{"line":13,"column":6},"end":{"line":13,"column":78}},"6":{"start":{"line":42,"column":4},"end":{"line":42,"column":41}},"7":{"start":{"line":58,"column":4},"end":{"line":72,"column":5}},"8":{"start":{"line":63,"column":40},"end":{"line":63,"column":48}},"9":{"start":{"line":64,"column":6},"end":{"line":64,"column":71}},"10":{"start":{"line":65,"column":6},"end":{"line":65,"column":30}},"11":{"start":{"line":67,"column":6},"end":{"line":69,"column":7}},"12":{"start":{"line":68,"column":8},"end":{"line":68,"column":71}},"13":{"start":{"line":70,"column":6},"end":{"line":70,"column":66}},"14":{"start":{"line":71,"column":6},"end":{"line":71,"column":25}},"15":{"start":{"line":82,"column":4},"end":{"line":95,"column":5}},"16":{"start":{"line":86,"column":6},"end":{"line":90,"column":7}},"17":{"start":{"line":91,"column":6},"end":{"line":91,"column":30}},"18":{"start":{"line":93,"column":6},"end":{"line":93,"column":65}},"19":{"start":{"line":94,"column":6},"end":{"line":94,"column":25}},"20":{"start":{"line":104,"column":4},"end":{"line":112,"column":5}},"21":{"start":{"line":107,"column":6},"end":{"line":107,"column":52}},"22":{"start":{"line":108,"column":6},"end":{"line":108,"column":30}},"23":{"start":{"line":110,"column":6},"end":{"line":110,"column":66}},"24":{"start":{"line":111,"column":6},"end":{"line":111,"column":25}},"25":{"start":{"line":122,"column":4},"end":{"line":129,"column":5}},"26":{"start":{"line":125,"column":6},"end":{"line":125,"column":51}},"27":{"start":{"line":127,"column":6},"end":{"line":127,"column":73}},"28":{"start":{"line":128,"column":6},"end":{"line":128,"column":17}},"29":{"start":{"line":138,"column":4},"end":{"line":150,"column":5}},"30":{"start":{"line":139,"column":6},"end":{"line":139,"column":38}},"31":{"start":{"line":140,"column":6},"end":{"line":140,"column":50}},"32":{"start":{"line":141,"column":6},"end":{"line":146,"column":7}},"33":{"start":{"line":142,"column":8},"end":{"line":142,"column":32}},"34":{"start":{"line":144,"column":8},"end":{"line":144,"column":46}},"35":{"start":{"line":145,"column":8},"end":{"line":145,"column":49}},"36":{"start":{"line":148,"column":6},"end":{"line":148,"column":63}},"37":{"start":{"line":149,"column":6},"end":{"line":149,"column":25}},"38":{"start":{"line":161,"column":4},"end":{"line":186,"column":5}},"39":{"start":{"line":168,"column":6},"end":{"line":168,"column":37}},"40":{"start":{"line":172,"column":29},"end":{"line":175,"column":7}},"41":{"start":{"line":177,"column":6},"end":{"line":179,"column":7}},"42":{"start":{"line":178,"column":8},"end":{"line":178,"column":57}},"43":{"start":{"line":180,"column":6},"end":{"line":180,"column":27}},"44":{"start":{"line":182,"column":6},"end":{"line":184,"column":7}},"45":{"start":{"line":185,"column":6},"end":{"line":185,"column":25}},"46":{"start":{"line":190,"column":4},"end":{"line":195,"column":5}},"47":{"start":{"line":191,"column":26},"end":{"line":191,"column":51}},"48":{"start":{"line":192,"column":6},"end":{"line":192,"column":29}},"49":{"start":{"line":194,"column":6},"end":{"line":194,"column":25}},"50":{"start":{"line":199,"column":4},"end":{"line":207,"column":5}},"51":{"start":{"line":200,"column":29},"end":{"line":203,"column":7}},"52":{"start":{"line":204,"column":6},"end":{"line":204,"column":27}},"53":{"start":{"line":206,"column":6},"end":{"line":206,"column":25}}},"fnMap":{"0":{"name":"(anonymous_0)","decl":{"start":{"line":5,"column":2},"end":{"line":5,"column":3}},"loc":{"start":{"line":5,"column":30},"end":{"line":15,"column":3}},"line":5},"1":{"name":"(anonymous_1)","decl":{"start":{"line":39,"column":2},"end":{"line":39,"column":3}},"loc":{"start":{"line":39,"column":30},"end":{"line":43,"column":3}},"line":39},"2":{"name":"(anonymous_2)","decl":{"start":{"line":50,"column":2},"end":{"line":50,"column":3}},"loc":{"start":{"line":50,"column":33},"end":{"line":73,"column":3}},"line":50},"3":{"name":"(anonymous_3)","decl":{"start":{"line":81,"column":2},"end":{"line":81,"column":3}},"loc":{"start":{"line":81,"column":37},"end":{"line":96,"column":3}},"line":81},"4":{"name":"(anonymous_4)","decl":{"start":{"line":103,"column":2},"end":{"line":103,"column":3}},"loc":{"start":{"line":103,"column":33},"end":{"line":113,"column":3}},"line":103},"5":{"name":"(anonymous_5)","decl":{"start":{"line":121,"column":2},"end":{"line":121,"column":3}},"loc":{"start":{"line":121,"column":37},"end":{"line":130,"column":3}},"line":121},"6":{"name":"(anonymous_6)","decl":{"start":{"line":137,"column":2},"end":{"line":137,"column":3}},"loc":{"start":{"line":137,"column":33},"end":{"line":151,"column":3}},"line":137},"7":{"name":"(anonymous_7)","decl":{"start":{"line":160,"column":2},"end":{"line":160,"column":3}},"loc":{"start":{"line":160,"column":53},"end":{"line":187,"column":3}},"line":160},"8":{"name":"(anonymous_8)","decl":{"start":{"line":189,"column":2},"end":{"line":189,"column":3}},"loc":{"start":{"line":189,"column":33},"end":{"line":196,"column":3}},"line":189},"9":{"name":"(anonymous_9)","decl":{"start":{"line":198,"column":2},"end":{"line":198,"column":3}},"loc":{"start":{"line":198,"column":32},"end":{"line":208,"column":3}},"line":198}},"branchMap":{"0":{"loc":{"start":{"line":6,"column":4},"end":{"line":8,"column":5}},"type":"if","locations":[{"start":{"line":6,"column":4},"end":{"line":8,"column":5}},{"start":{"line":6,"column":4},"end":{"line":8,"column":5}}],"line":6},"1":{"loc":{"start":{"line":6,"column":8},"end":{"line":6,"column":25}},"type":"binary-expr","locations":[{"start":{"line":6,"column":8},"end":{"line":6,"column":13}},{"start":{"line":6,"column":17},"end":{"line":6,"column":25}}],"line":6},"2":{"loc":{"start":{"line":67,"column":6},"end":{"line":69,"column":7}},"type":"if","locations":[{"start":{"line":67,"column":6},"end":{"line":69,"column":7}},{"start":{"line":67,"column":6},"end":{"line":69,"column":7}}],"line":67},"3":{"loc":{"start":{"line":141,"column":6},"end":{"line":146,"column":7}},"type":"if","locations":[{"start":{"line":141,"column":6},"end":{"line":146,"column":7}},{"start":{"line":141,"column":6},"end":{"line":146,"column":7}}],"line":141},"4":{"loc":{"start":{"line":141,"column":10},"end":{"line":141,"column":77}},"type":"binary-expr","locations":[{"start":{"line":141,"column":10},"end":{"line":141,"column":38}},{"start":{"line":141,"column":42},"end":{"line":141,"column":77}}],"line":141},"5":{"loc":{"start":{"line":168,"column":20},"end":{"line":168,"column":37}},"type":"binary-expr","locations":[{"start":{"line":168,"column":20},"end":{"line":168,"column":31}},{"start":{"line":168,"column":35},"end":{"line":168,"column":37}}],"line":168},"6":{"loc":{"start":{"line":177,"column":6},"end":{"line":179,"column":7}},"type":"if","locations":[{"start":{"line":177,"column":6},"end":{"line":179,"column":7}},{"start":{"line":177,"column":6},"end":{"line":179,"column":7}}],"line":177},"7":{"loc":{"start":{"line":192,"column":13},"end":{"line":192,"column":29}},"type":"binary-expr","locations":[{"start":{"line":192,"column":13},"end":{"line":192,"column":20}},{"start":{"line":192,"column":24},"end":{"line":192,"column":29}}],"line":192}},"s":{"0":2,"1":0,"2":2,"3":2,"4":2,"5":0,"6":7,"7":4,"8":4,"9":4,"10":2,"11":2,"12":2,"13":0,"14":0,"15":1,"16":1,"17":1,"18":0,"19":0,"20":1,"21":1,"22":1,"23":0,"24":0,"25":5,"26":5,"27":0,"28":0,"29":3,"30":3,"31":3,"32":3,"33":3,"34":0,"35":0,"36":0,"37":0,"38":4,"39":4,"40":4,"41":4,"42":1,"43":3,"44":0,"45":0,"46":0,"47":0,"48":0,"49":0,"50":0,"51":0,"52":0,"53":0},"f":{"0":2,"1":7,"2":4,"3":1,"4":1,"5":5,"6":3,"7":4,"8":0,"9":0},"b":{"0":[0,2],"1":[2,0],"2":[2,0],"3":[3,0],"4":[3,3],"5":[4,1],"6":[1,3],"7":[0,0]},"_coverageSchema":"332fd63041d2c1bcb487cc26dd0d5f7d97098a6c","hash":"4cd6e84603b2fb6cab61164a351c670bca3807e3"}
}
