TN:
SF:/home/azureuser/mflix-master/src/dao/commentsDAO.js
FN:6,(anonymous_0)
FN:44,(anonymous_1)
FN:73,(anonymous_2)
FN:90,(anonymous_3)
FN:115,(anonymous_4)
FNF:5
FNH:5
FNDA:3,(anonymous_0)
FNDA:2,(anonymous_1)
FNDA:2,(anonymous_2)
FNDA:2,(anonymous_3)
FNDA:2,(anonymous_4)
DA:7,3
DA:8,0
DA:10,3
DA:11,3
DA:13,0
DA:45,2
DA:48,2
DA:56,2
DA:58,0
DA:59,0
DA:74,2
DA:78,2
DA:83,2
DA:85,0
DA:86,0
DA:100,2
DA:103,2
DA:108,2
DA:110,0
DA:111,0
DA:123,2
DA:126,2
DA:134,2
DA:136,2
DA:140,2
DA:142,0
DA:143,0
LF:27
LH:17
BRDA:7,0,0,0
BRDA:7,0,1,3
BRF:2
BRH:1
end_of_record
TN:
SF:/home/azureuser/mflix-master/src/dao/moviesDAO.js
FN:8,(anonymous_0)
FN:28,(anonymous_1)
FN:46,(anonymous_2)
FN:85,(anonymous_3)
FN:99,(anonymous_4)
FN:114,(anonymous_5)
FN:141,(anonymous_6)
FN:230,(anonymous_7)
FN:290,(anonymous_8)
FNF:9
FNH:9
FNDA:12,(anonymous_0)
FNDA:2,(anonymous_1)
FNDA:2,(anonymous_2)
FNDA:3,(anonymous_3)
FNDA:5,(anonymous_4)
FNDA:4,(anonymous_5)
FNDA:2,(anonymous_6)
FNDA:13,(anonymous_7)
FNDA:15,(anonymous_8)
DA:5,12
DA:9,12
DA:10,0
DA:12,12
DA:13,12
DA:14,12
DA:15,12
DA:17,0
DA:29,2
DA:30,2
DA:31,2
DA:32,2
DA:37,2
DA:58,2
DA:64,2
DA:73,0
DA:74,0
DA:77,2
DA:86,3
DA:87,3
DA:88,3
DA:89,3
DA:91,3
DA:100,5
DA:102,5
DA:103,5
DA:104,5
DA:106,5
DA:122,4
DA:126,4
DA:127,4
DA:128,4
DA:130,4
DA:146,2
DA:147,0
DA:149,2
DA:150,2
DA:151,2
DA:152,2
DA:153,2
DA:154,2
DA:201,2
DA:209,2
DA:210,2
DA:211,2
DA:212,2
DA:217,0
DA:236,13
DA:237,13
DA:238,12
DA:239,3
DA:240,9
DA:241,5
DA:242,4
DA:243,4
DA:247,13
DA:249,13
DA:250,13
DA:255,0
DA:256,0
DA:270,13
DA:272,13
DA:273,13
DA:274,13
DA:276,13
DA:278,0
DA:281,0
DA:291,15
DA:304,15
DA:330,14
DA:339,1
DA:346,1
DA:348,0
DA:349,0
LF:74
LH:62
BRDA:9,0,0,0
BRDA:9,0,1,12
BRDA:100,1,0,5
BRDA:100,1,1,0
BRDA:122,2,0,4
BRDA:122,2,1,0
BRDA:141,3,0,0
BRDA:142,4,0,0
BRDA:143,5,0,1
BRDA:144,6,0,2
BRDA:146,7,0,0
BRDA:146,7,1,2
BRDA:146,8,0,2
BRDA:146,8,1,2
BRDA:230,9,0,1
BRDA:232,10,0,1
BRDA:233,11,0,10
BRDA:234,12,0,12
BRDA:237,13,0,12
BRDA:237,13,1,1
BRDA:238,14,0,3
BRDA:238,14,1,9
BRDA:240,15,0,5
BRDA:240,15,1,4
BRDA:242,16,0,4
BRDA:242,16,1,0
BRDA:247,17,0,1
BRDA:247,18,0,1
BRDA:247,19,0,1
BRDA:274,20,0,10
BRDA:274,20,1,3
BRDA:339,21,0,1
BRDA:339,21,1,0
BRF:33
BRH:25
end_of_record
TN:
SF:/home/azureuser/mflix-master/src/dao/usersDAO.js
FN:5,(anonymous_0)
FN:39,(anonymous_1)
FN:50,(anonymous_2)
FN:81,(anonymous_3)
FN:103,(anonymous_4)
FN:121,(anonymous_5)
FN:137,(anonymous_6)
FN:160,(anonymous_7)
FN:189,(anonymous_8)
FN:198,(anonymous_9)
FNF:10
FNH:8
FNDA:2,(anonymous_0)
FNDA:7,(anonymous_1)
FNDA:4,(anonymous_2)
FNDA:1,(anonymous_3)
FNDA:1,(anonymous_4)
FNDA:5,(anonymous_5)
FNDA:3,(anonymous_6)
FNDA:4,(anonymous_7)
FNDA:0,(anonymous_8)
FNDA:0,(anonymous_9)
DA:6,2
DA:7,0
DA:9,2
DA:10,2
DA:11,2
DA:13,0
DA:42,7
DA:58,4
DA:63,4
DA:64,4
DA:65,2
DA:67,2
DA:68,2
DA:70,0
DA:71,0
DA:82,1
DA:86,1
DA:91,1
DA:93,0
DA:94,0
DA:104,1
DA:107,1
DA:108,1
DA:110,0
DA:111,0
DA:122,5
DA:125,5
DA:127,0
DA:128,0
DA:138,3
DA:139,3
DA:140,3
DA:141,3
DA:142,3
DA:144,0
DA:145,0
DA:148,0
DA:149,0
DA:161,4
DA:168,4
DA:172,4
DA:177,4
DA:178,1
DA:180,3
DA:182,0
DA:185,0
DA:190,0
DA:191,0
DA:192,0
DA:194,0
DA:199,0
DA:200,0
DA:204,0
DA:206,0
LF:54
LH:30
BRDA:6,0,0,0
BRDA:6,0,1,2
BRDA:6,1,0,2
BRDA:6,1,1,0
BRDA:67,2,0,2
BRDA:67,2,1,0
BRDA:141,3,0,3
BRDA:141,3,1,0
BRDA:141,4,0,3
BRDA:141,4,1,3
BRDA:168,5,0,4
BRDA:168,5,1,1
BRDA:177,6,0,1
BRDA:177,6,1,3
BRDA:192,7,0,0
BRDA:192,7,1,0
BRF:16
BRH:10
end_of_record
